# JRE version: OpenJDK Runtime Environment (8.0_151-b12) (build 1.8.0_151-8u151-b12-0ubuntu0.17.10.2-b12)
# Java VM: OpenJDK 64-Bit Server VM (25.151-b12 mixed mode linux-amd64 compressed oops)
Heap:
 garbage-first heap   total 283648K, used 111104K [0x00000000c0000000, 0x00000000c01008a8, 0x0000000100000000)
  region size 1024K, 27 young (27648K), 8 survivors (8192K)
 Metaspace       used 132501K, capacity 144762K, committed 145004K, reserved 1175552K
  class space    used 14999K, capacity 18354K, committed 18380K, reserved 1048576K
GC Heap History (10 events):
Event: 4562,475 GC heap before
{Heap before GC invocations=179 (full 0):
 garbage-first heap   total 283648K, used 113152K [0x00000000c0000000, 0x00000000c01008a8, 0x0000000100000000)
  region size 1024K, 13 young (13312K), 5 survivors (5120K)
 Metaspace       used 131636K, capacity 143810K, committed 143852K, reserved 1175552K
  class space    used 14902K, capacity 18237K, committed 18252K, reserved 1048576K
Event: 4562,503 GC heap after
Heap after GC invocations=180 (full 0):
 garbage-first heap   total 283648K, used 85872K [0x00000000c0000000, 0x00000000c01008a8, 0x0000000100000000)
  region size 1024K, 2 young (2048K), 2 survivors (2048K)
 Metaspace       used 131636K, capacity 143810K, committed 143852K, reserved 1175552K
  class space    used 14902K, capacity 18237K, committed 18252K, reserved 1048576K
}
Event: 4564,674 GC heap before
{Heap before GC invocations=180 (full 0):
 garbage-first heap   total 283648K, used 97136K [0x00000000c0000000, 0x00000000c01008a8, 0x0000000100000000)
  region size 1024K, 13 young (13312K), 2 survivors (2048K)
 Metaspace       used 131644K, capacity 143810K, committed 143852K, reserved 1175552K
  class space    used 14902K, capacity 18237K, committed 18252K, reserved 1048576K
Event: 4564,704 GC heap after
Heap after GC invocations=181 (full 0):
 garbage-first heap   total 283648K, used 86803K [0x00000000c0000000, 0x00000000c01008a8, 0x0000000100000000)
  region size 1024K, 2 young (2048K), 2 survivors (2048K)
 Metaspace       used 131644K, capacity 143810K, committed 143852K, reserved 1175552K
  class space    used 14902K, capacity 18237K, committed 18252K, reserved 1048576K
}
Event: 4621,702 GC heap before
{Heap before GC invocations=181 (full 0):
 garbage-first heap   total 283648K, used 245523K [0x00000000c0000000, 0x00000000c01008a8, 0x0000000100000000)
  region size 1024K, 157 young (160768K), 2 survivors (2048K)
 Metaspace       used 131689K, capacity 143874K, committed 144108K, reserved 1175552K
  class space    used 14902K, capacity 18237K, committed 18252K, reserved 1048576K
Event: 4621,715 GC heap after
Heap after GC invocations=182 (full 0):
 garbage-first heap   total 283648K, used 92015K [0x00000000c0000000, 0x00000000c01008a8, 0x0000000100000000)
  region size 1024K, 7 young (7168K), 7 survivors (7168K)
 Metaspace       used 131689K, capacity 143874K, committed 144108K, reserved 1175552K
  class space    used 14902K, capacity 18237K, committed 18252K, reserved 1048576K
}
Event: 4778,910 GC heap before
{Heap before GC invocations=182 (full 0):
 garbage-first heap   total 283648K, used 268363K [0x00000000c0000000, 0x00000000c01008a8, 0x0000000100000000)
  region size 1024K, 158 young (161792K), 7 survivors (7168K)
 Metaspace       used 131768K, capacity 143874K, committed 144108K, reserved 1175552K
  class space    used 14902K, capacity 18237K, committed 18252K, reserved 1048576K
Event: 4778,929 GC heap after
Heap after GC invocations=183 (full 0):
 garbage-first heap   total 283648K, used 92672K [0x00000000c0000000, 0x00000000c01008a8, 0x0000000100000000)
  region size 1024K, 8 young (8192K), 8 survivors (8192K)
 Metaspace       used 131768K, capacity 143874K, committed 144108K, reserved 1175552K
  class space    used 14902K, capacity 18237K, committed 18252K, reserved 1048576K
}
Event: 4797,783 GC heap before
{Heap before GC invocations=183 (full 0):
 garbage-first heap   total 283648K, used 245248K [0x00000000c0000000, 0x00000000c01008a8, 0x0000000100000000)
  region size 1024K, 157 young (160768K), 8 survivors (8192K)
 Metaspace       used 132130K, capacity 144380K, committed 144492K, reserved 1175552K
  class space    used 14957K, capacity 18316K, committed 18380K, reserved 1048576K
Event: 4797,802 GC heap after
Heap after GC invocations=184 (full 0):
 garbage-first heap   total 283648K, used 92672K [0x00000000c0000000, 0x00000000c01008a8, 0x0000000100000000)
  region size 1024K, 8 young (8192K), 8 survivors (8192K)
 Metaspace       used 132130K, capacity 144380K, committed 144492K, reserved 1175552K
  class space    used 14957K, capacity 18316K, committed 18380K, reserved 1048576K
}

