# JRE version: OpenJDK Runtime Environment (8.0_151-b12) (build 1.8.0_151-8u151-b12-0ubuntu0.17.10.2-b12)
# Java VM: OpenJDK 64-Bit Server VM (25.151-b12 mixed mode linux-amd64 compressed oops)
Heap:
 garbage-first heap   total 277504K, used 124734K [0x00000000c0000000, 0x00000000c0100878, 0x0000000100000000)
  region size 1024K, 17 young (17408K), 10 survivors (10240K)
 Metaspace       used 126218K, capacity 138168K, committed 138316K, reserved 1169408K
  class space    used 14445K, capacity 17717K, committed 17740K, reserved 1048576K
GC Heap History (10 events):
Event: 6713,591 GC heap before
{Heap before GC invocations=113 (full 0):
 garbage-first heap   total 277504K, used 238910K [0x00000000c0000000, 0x00000000c0100878, 0x0000000100000000)
  region size 1024K, 127 young (130048K), 8 survivors (8192K)
 Metaspace       used 125350K, capacity 137252K, committed 137548K, reserved 1169408K
  class space    used 14345K, capacity 17635K, committed 17740K, reserved 1048576K
Event: 6713,610 GC heap after
Heap after GC invocations=114 (full 0):
 garbage-first heap   total 277504K, used 118078K [0x00000000c0000000, 0x00000000c0100878, 0x0000000100000000)
  region size 1024K, 9 young (9216K), 9 survivors (9216K)
 Metaspace       used 125350K, capacity 137252K, committed 137548K, reserved 1169408K
  class space    used 14345K, capacity 17635K, committed 17740K, reserved 1048576K
}
Event: 6733,433 GC heap before
{Heap before GC invocations=114 (full 0):
 garbage-first heap   total 277504K, used 237886K [0x00000000c0000000, 0x00000000c0100878, 0x0000000100000000)
  region size 1024K, 126 young (129024K), 9 survivors (9216K)
 Metaspace       used 125359K, capacity 137252K, committed 137548K, reserved 1169408K
  class space    used 14345K, capacity 17635K, committed 17740K, reserved 1048576K
Event: 6733,451 GC heap after
Heap after GC invocations=115 (full 0):
 garbage-first heap   total 277504K, used 117566K [0x00000000c0000000, 0x00000000c0100878, 0x0000000100000000)
  region size 1024K, 9 young (9216K), 9 survivors (9216K)
 Metaspace       used 125359K, capacity 137252K, committed 137548K, reserved 1169408K
  class space    used 14345K, capacity 17635K, committed 17740K, reserved 1048576K
}
Event: 6749,139 GC heap before
{Heap before GC invocations=115 (full 0):
 garbage-first heap   total 277504K, used 237374K [0x00000000c0000000, 0x00000000c0100878, 0x0000000100000000)
  region size 1024K, 126 young (129024K), 9 survivors (9216K)
 Metaspace       used 125413K, capacity 137252K, committed 137548K, reserved 1169408K
  class space    used 14346K, capacity 17635K, committed 17740K, reserved 1048576K
Event: 6749,159 GC heap after
Heap after GC invocations=116 (full 0):
 garbage-first heap   total 277504K, used 118078K [0x00000000c0000000, 0x00000000c0100878, 0x0000000100000000)
  region size 1024K, 9 young (9216K), 9 survivors (9216K)
 Metaspace       used 125413K, capacity 137252K, committed 137548K, reserved 1169408K
  class space    used 14346K, capacity 17635K, committed 17740K, reserved 1048576K
}
Event: 6895,193 GC heap before
{Heap before GC invocations=116 (full 0):
 garbage-first heap   total 277504K, used 237886K [0x00000000c0000000, 0x00000000c0100878, 0x0000000100000000)
  region size 1024K, 126 young (129024K), 9 survivors (9216K)
 Metaspace       used 125427K, capacity 137252K, committed 137548K, reserved 1169408K
  class space    used 14346K, capacity 17635K, committed 17740K, reserved 1048576K
Event: 6895,212 GC heap after
Heap after GC invocations=117 (full 0):
 garbage-first heap   total 277504K, used 118590K [0x00000000c0000000, 0x00000000c0100878, 0x0000000100000000)
  region size 1024K, 10 young (10240K), 10 survivors (10240K)
 Metaspace       used 125427K, capacity 137252K, committed 137548K, reserved 1169408K
  class space    used 14346K, capacity 17635K, committed 17740K, reserved 1048576K
}
Event: 6951,659 GC heap before
{Heap before GC invocations=117 (full 0):
 garbage-first heap   total 277504K, used 236350K [0x00000000c0000000, 0x00000000c0100878, 0x0000000100000000)
  region size 1024K, 125 young (128000K), 10 survivors (10240K)
 Metaspace       used 126130K, capacity 138168K, committed 138316K, reserved 1169408K
  class space    used 14437K, capacity 17717K, committed 17740K, reserved 1048576K
Event: 6951,688 GC heap after
Heap after GC invocations=118 (full 0):
 garbage-first heap   total 277504K, used 118590K [0x00000000c0000000, 0x00000000c0100878, 0x0000000100000000)
  region size 1024K, 10 young (10240K), 10 survivors (10240K)
 Metaspace       used 126130K, capacity 138168K, committed 138316K, reserved 1169408K
  class space    used 14437K, capacity 17717K, committed 17740K, reserved 1048576K
}

