# JRE version: OpenJDK Runtime Environment (8.0_151-b12) (build 1.8.0_151-8u151-b12-0ubuntu0.17.10.2-b12)
# Java VM: OpenJDK 64-Bit Server VM (25.151-b12 mixed mode linux-amd64 compressed oops)
Heap:
 garbage-first heap   total 286720K, used 194560K [0x00000000c0000000, 0x00000000c01008c0, 0x0000000100000000)
  region size 1024K, 94 young (96256K), 6 survivors (6144K)
 Metaspace       used 131828K, capacity 143728K, committed 143820K, reserved 1175552K
  class space    used 15021K, capacity 18336K, committed 18380K, reserved 1048576K
GC Heap History (10 events):
Event: 16228,677 GC heap before
{Heap before GC invocations=126 (full 0):
 garbage-first heap   total 286720K, used 250368K [0x00000000c0000000, 0x00000000c01008c0, 0x0000000100000000)
  region size 1024K, 148 young (151552K), 6 survivors (6144K)
 Metaspace       used 130619K, capacity 142482K, committed 142668K, reserved 1173504K
  class space    used 14848K, capacity 18190K, committed 18252K, reserved 1048576K
Event: 16228,703 GC heap after
Heap after GC invocations=127 (full 0):
 garbage-first heap   total 286720K, used 104960K [0x00000000c0000000, 0x00000000c01008c0, 0x0000000100000000)
  region size 1024K, 6 young (6144K), 6 survivors (6144K)
 Metaspace       used 130619K, capacity 142482K, committed 142668K, reserved 1173504K
  class space    used 14848K, capacity 18190K, committed 18252K, reserved 1048576K
}
Event: 16263,812 GC heap before
{Heap before GC invocations=127 (full 0):
 garbage-first heap   total 286720K, used 250368K [0x00000000c0000000, 0x00000000c01008c0, 0x0000000100000000)
  region size 1024K, 148 young (151552K), 6 survivors (6144K)
 Metaspace       used 130627K, capacity 142482K, committed 142668K, reserved 1173504K
  class space    used 14848K, capacity 18190K, committed 18252K, reserved 1048576K
Event: 16263,830 GC heap after
Heap after GC invocations=128 (full 0):
 garbage-first heap   total 286720K, used 103936K [0x00000000c0000000, 0x00000000c01008c0, 0x0000000100000000)
  region size 1024K, 5 young (5120K), 5 survivors (5120K)
 Metaspace       used 130627K, capacity 142482K, committed 142668K, reserved 1173504K
  class space    used 14848K, capacity 18190K, committed 18252K, reserved 1048576K
}
Event: 16288,685 GC heap before
{Heap before GC invocations=128 (full 0):
 garbage-first heap   total 286720K, used 251392K [0x00000000c0000000, 0x00000000c01008c0, 0x0000000100000000)
  region size 1024K, 149 young (152576K), 5 survivors (5120K)
 Metaspace       used 130647K, capacity 142546K, committed 142668K, reserved 1173504K
  class space    used 14848K, capacity 18190K, committed 18252K, reserved 1048576K
Event: 16288,702 GC heap after
Heap after GC invocations=129 (full 0):
 garbage-first heap   total 286720K, used 103936K [0x00000000c0000000, 0x00000000c01008c0, 0x0000000100000000)
  region size 1024K, 5 young (5120K), 5 survivors (5120K)
 Metaspace       used 130647K, capacity 142546K, committed 142668K, reserved 1173504K
  class space    used 14848K, capacity 18190K, committed 18252K, reserved 1048576K
}
Event: 16341,342 GC heap before
{Heap before GC invocations=129 (full 0):
 garbage-first heap   total 286720K, used 251392K [0x00000000c0000000, 0x00000000c01008c0, 0x0000000100000000)
  region size 1024K, 149 young (152576K), 5 survivors (5120K)
 Metaspace       used 130718K, capacity 142564K, committed 142668K, reserved 1173504K
  class space    used 14858K, capacity 18193K, committed 18252K, reserved 1048576K
Event: 16341,357 GC heap after
Heap after GC invocations=130 (full 0):
 garbage-first heap   total 286720K, used 104448K [0x00000000c0000000, 0x00000000c01008c0, 0x0000000100000000)
  region size 1024K, 5 young (5120K), 5 survivors (5120K)
 Metaspace       used 130718K, capacity 142564K, committed 142668K, reserved 1173504K
  class space    used 14858K, capacity 18193K, committed 18252K, reserved 1048576K
}
Event: 16395,969 GC heap before
{Heap before GC invocations=130 (full 0):
 garbage-first heap   total 286720K, used 251904K [0x00000000c0000000, 0x00000000c01008c0, 0x0000000100000000)
  region size 1024K, 149 young (152576K), 5 survivors (5120K)
 Metaspace       used 131072K, capacity 142922K, committed 143180K, reserved 1173504K
  class space    used 14922K, capacity 18226K, committed 18252K, reserved 1048576K
Event: 16395,988 GC heap after
Heap after GC invocations=131 (full 0):
 garbage-first heap   total 286720K, used 105472K [0x00000000c0000000, 0x00000000c01008c0, 0x0000000100000000)
  region size 1024K, 6 young (6144K), 6 survivors (6144K)
 Metaspace       used 131072K, capacity 142922K, committed 143180K, reserved 1173504K
  class space    used 14922K, capacity 18226K, committed 18252K, reserved 1048576K
}

