# JRE version: OpenJDK Runtime Environment (8.0_151-b12) (build 1.8.0_151-8u151-b12-0ubuntu0.17.10.2-b12)
# Java VM: OpenJDK 64-Bit Server VM (25.151-b12 mixed mode linux-amd64 compressed oops)
Heap:
 garbage-first heap   total 273408K, used 115670K [0x00000000c0000000, 0x00000000c0100858, 0x0000000100000000)
  region size 1024K, 28 young (28672K), 7 survivors (7168K)
 Metaspace       used 115722K, capacity 126002K, committed 126296K, reserved 1159168K
  class space    used 13380K, capacity 16197K, committed 16256K, reserved 1048576K
GC Heap History (10 events):
Event: 1512,569 GC heap before
{Heap before GC invocations=58 (full 3):
 garbage-first heap   total 273408K, used 234966K [0x00000000c0000000, 0x00000000c0100858, 0x0000000100000000)
  region size 1024K, 143 young (146432K), 9 survivors (9216K)
 Metaspace       used 114252K, capacity 124386K, committed 124632K, reserved 1157120K
  class space    used 13247K, capacity 16118K, committed 16128K, reserved 1048576K
Event: 1512,591 GC heap after
Heap after GC invocations=59 (full 3):
 garbage-first heap   total 273408K, used 98262K [0x00000000c0000000, 0x00000000c0100858, 0x0000000100000000)
  region size 1024K, 10 young (10240K), 10 survivors (10240K)
 Metaspace       used 114252K, capacity 124386K, committed 124632K, reserved 1157120K
  class space    used 13247K, capacity 16118K, committed 16128K, reserved 1048576K
}
Event: 1541,093 GC heap before
{Heap before GC invocations=59 (full 3):
 garbage-first heap   total 273408K, used 233430K [0x00000000c0000000, 0x00000000c0100858, 0x0000000100000000)
  region size 1024K, 142 young (145408K), 10 survivors (10240K)
 Metaspace       used 114503K, capacity 124712K, committed 124888K, reserved 1159168K
  class space    used 13263K, capacity 16119K, committed 16128K, reserved 1048576K
Event: 1541,117 GC heap after
Heap after GC invocations=60 (full 3):
 garbage-first heap   total 273408K, used 101846K [0x00000000c0000000, 0x00000000c0100858, 0x0000000100000000)
  region size 1024K, 13 young (13312K), 13 survivors (13312K)
 Metaspace       used 114503K, capacity 124712K, committed 124888K, reserved 1159168K
  class space    used 13263K, capacity 16119K, committed 16128K, reserved 1048576K
}
Event: 1558,673 GC heap before
{Heap before GC invocations=60 (full 3):
 garbage-first heap   total 273408K, used 230870K [0x00000000c0000000, 0x00000000c0100858, 0x0000000100000000)
  region size 1024K, 139 young (142336K), 13 survivors (13312K)
 Metaspace       used 114756K, capacity 125032K, committed 125144K, reserved 1159168K
  class space    used 13269K, capacity 16119K, committed 16128K, reserved 1048576K
Event: 1558,691 GC heap after
Heap after GC invocations=61 (full 3):
 garbage-first heap   total 273408K, used 95702K [0x00000000c0000000, 0x00000000c0100858, 0x0000000100000000)
  region size 1024K, 7 young (7168K), 7 survivors (7168K)
 Metaspace       used 114756K, capacity 125032K, committed 125144K, reserved 1159168K
  class space    used 13269K, capacity 16119K, committed 16128K, reserved 1048576K
}
Event: 1596,786 GC heap before
{Heap before GC invocations=61 (full 3):
 garbage-first heap   total 273408K, used 237014K [0x00000000c0000000, 0x00000000c0100858, 0x0000000100000000)
  region size 1024K, 145 young (148480K), 7 survivors (7168K)
 Metaspace       used 114850K, capacity 125102K, committed 125400K, reserved 1159168K
  class space    used 13270K, capacity 16120K, committed 16128K, reserved 1048576K
Event: 1596,806 GC heap after
Heap after GC invocations=62 (full 3):
 garbage-first heap   total 273408K, used 96214K [0x00000000c0000000, 0x00000000c0100858, 0x0000000100000000)
  region size 1024K, 8 young (8192K), 8 survivors (8192K)
 Metaspace       used 114850K, capacity 125102K, committed 125400K, reserved 1159168K
  class space    used 13270K, capacity 16120K, committed 16128K, reserved 1048576K
}
Event: 1651,182 GC heap before
{Heap before GC invocations=62 (full 3):
 garbage-first heap   total 273408K, used 235478K [0x00000000c0000000, 0x00000000c0100858, 0x0000000100000000)
  region size 1024K, 144 young (147456K), 8 survivors (8192K)
 Metaspace       used 115294K, capacity 125492K, committed 125784K, reserved 1159168K
  class space    used 13321K, capacity 16159K, committed 16256K, reserved 1048576K
Event: 1651,213 GC heap after
Heap after GC invocations=63 (full 3):
 garbage-first heap   total 273408K, used 95190K [0x00000000c0000000, 0x00000000c0100858, 0x0000000100000000)
  region size 1024K, 7 young (7168K), 7 survivors (7168K)
 Metaspace       used 115294K, capacity 125492K, committed 125784K, reserved 1159168K
  class space    used 13321K, capacity 16159K, committed 16256K, reserved 1048576K
}

