# JRE version: OpenJDK Runtime Environment (8.0_151-b12) (build 1.8.0_151-8u151-b12-0ubuntu0.17.10.2-b12)
# Java VM: OpenJDK 64-Bit Server VM (25.151-b12 mixed mode linux-amd64 compressed oops)
Heap:
 garbage-first heap   total 272384K, used 111736K [0x00000000c0000000, 0x00000000c0100850, 0x0000000100000000)
  region size 1024K, 21 young (21504K), 10 survivors (10240K)
 Metaspace       used 123172K, capacity 134458K, committed 134604K, reserved 1167360K
  class space    used 14039K, capacity 17265K, committed 17356K, reserved 1048576K
GC Heap History (10 events):
Event: 1699,014 GC heap before
{Heap before GC invocations=79 (full 0):
 garbage-first heap   total 272384K, used 227920K [0x00000000c0000000, 0x00000000c0100850, 0x0000000100000000)
  region size 1024K, 138 young (141312K), 15 survivors (15360K)
 Metaspace       used 122090K, capacity 133272K, committed 133452K, reserved 1165312K
  class space    used 13917K, capacity 17115K, committed 17228K, reserved 1048576K
Event: 1699,038 GC heap after
Heap after GC invocations=80 (full 0):
 garbage-first heap   total 272384K, used 100984K [0x00000000c0000000, 0x00000000c0100850, 0x0000000100000000)
  region size 1024K, 10 young (10240K), 10 survivors (10240K)
 Metaspace       used 122090K, capacity 133272K, committed 133452K, reserved 1165312K
  class space    used 13917K, capacity 17115K, committed 17228K, reserved 1048576K
}
Event: 1704,666 GC heap before
{Heap before GC invocations=80 (full 0):
 garbage-first heap   total 272384K, used 233080K [0x00000000c0000000, 0x00000000c0100850, 0x0000000100000000)
  region size 1024K, 139 young (142336K), 10 survivors (10240K)
 Metaspace       used 122120K, capacity 133272K, committed 133452K, reserved 1165312K
  class space    used 13917K, capacity 17115K, committed 17228K, reserved 1048576K
Event: 1704,685 GC heap after
Heap after GC invocations=81 (full 0):
 garbage-first heap   total 272384K, used 99960K [0x00000000c0000000, 0x00000000c0100850, 0x0000000100000000)
  region size 1024K, 9 young (9216K), 9 survivors (9216K)
 Metaspace       used 122120K, capacity 133272K, committed 133452K, reserved 1165312K
  class space    used 13917K, capacity 17115K, committed 17228K, reserved 1048576K
}
Event: 1724,273 GC heap before
{Heap before GC invocations=81 (full 0):
 garbage-first heap   total 272384K, used 234104K [0x00000000c0000000, 0x00000000c0100850, 0x0000000100000000)
  region size 1024K, 140 young (143360K), 9 survivors (9216K)
 Metaspace       used 122354K, capacity 133432K, committed 133708K, reserved 1165312K
  class space    used 13939K, capacity 17147K, committed 17228K, reserved 1048576K
Event: 1724,291 GC heap after
Heap after GC invocations=82 (full 0):
 garbage-first heap   total 272384K, used 101496K [0x00000000c0000000, 0x00000000c0100850, 0x0000000100000000)
  region size 1024K, 10 young (10240K), 10 survivors (10240K)
 Metaspace       used 122354K, capacity 133432K, committed 133708K, reserved 1165312K
  class space    used 13939K, capacity 17147K, committed 17228K, reserved 1048576K
}
Event: 1806,561 GC heap before
{Heap before GC invocations=82 (full 0):
 garbage-first heap   total 272384K, used 233592K [0x00000000c0000000, 0x00000000c0100850, 0x0000000100000000)
  region size 1024K, 139 young (142336K), 10 survivors (10240K)
 Metaspace       used 122367K, capacity 133432K, committed 133708K, reserved 1165312K
  class space    used 13939K, capacity 17147K, committed 17228K, reserved 1048576K
Event: 1806,581 GC heap after
Heap after GC invocations=83 (full 0):
 garbage-first heap   total 272384K, used 101496K [0x00000000c0000000, 0x00000000c0100850, 0x0000000100000000)
  region size 1024K, 10 young (10240K), 10 survivors (10240K)
 Metaspace       used 122367K, capacity 133432K, committed 133708K, reserved 1165312K
  class space    used 13939K, capacity 17147K, committed 17228K, reserved 1048576K
}
Event: 2257,334 GC heap before
{Heap before GC invocations=83 (full 0):
 garbage-first heap   total 272384K, used 233592K [0x00000000c0000000, 0x00000000c0100850, 0x0000000100000000)
  region size 1024K, 139 young (142336K), 10 survivors (10240K)
 Metaspace       used 123059K, capacity 134362K, committed 134604K, reserved 1167360K
  class space    used 14028K, capacity 17233K, committed 17356K, reserved 1048576K
Event: 2257,355 GC heap after
Heap after GC invocations=84 (full 0):
 garbage-first heap   total 272384K, used 101496K [0x00000000c0000000, 0x00000000c0100850, 0x0000000100000000)
  region size 1024K, 10 young (10240K), 10 survivors (10240K)
 Metaspace       used 123059K, capacity 134362K, committed 134604K, reserved 1167360K
  class space    used 14028K, capacity 17233K, committed 17356K, reserved 1048576K
}

