# JRE version: OpenJDK Runtime Environment (8.0_151-b12) (build 1.8.0_151-8u151-b12-0ubuntu0.17.10.2-b12)
# Java VM: OpenJDK 64-Bit Server VM (25.151-b12 mixed mode linux-amd64 compressed oops)
Heap:
 garbage-first heap   total 262144K, used 149694K [0x00000000c0000000, 0x00000000c0100800, 0x0000000100000000)
  region size 1024K, 69 young (70656K), 10 survivors (10240K)
 Metaspace       used 97293K, capacity 106584K, committed 106828K, reserved 1142784K
  class space    used 11399K, capacity 13894K, committed 13900K, reserved 1048576K
GC Heap History (10 events):
Event: 535,228 GC heap before
{Heap before GC invocations=22 (full 0):
 garbage-first heap   total 262144K, used 222910K [0x00000000c0000000, 0x00000000c0100800, 0x0000000100000000)
  region size 1024K, 140 young (143360K), 10 survivors (10240K)
 Metaspace       used 95380K, capacity 104642K, committed 104908K, reserved 1140736K
  class space    used 11201K, capacity 13684K, committed 13772K, reserved 1048576K
Event: 535,249 GC heap after
Heap after GC invocations=23 (full 0):
 garbage-first heap   total 262144K, used 89790K [0x00000000c0000000, 0x00000000c0100800, 0x0000000100000000)
  region size 1024K, 10 young (10240K), 10 survivors (10240K)
 Metaspace       used 95380K, capacity 104642K, committed 104908K, reserved 1140736K
  class space    used 11201K, capacity 13684K, committed 13772K, reserved 1048576K
}
Event: 565,930 GC heap before
{Heap before GC invocations=23 (full 0):
 garbage-first heap   total 262144K, used 222910K [0x00000000c0000000, 0x00000000c0100800, 0x0000000100000000)
  region size 1024K, 140 young (143360K), 10 survivors (10240K)
 Metaspace       used 95466K, capacity 104706K, committed 104908K, reserved 1140736K
  class space    used 11201K, capacity 13684K, committed 13772K, reserved 1048576K
Event: 565,951 GC heap after
Heap after GC invocations=24 (full 0):
 garbage-first heap   total 262144K, used 89790K [0x00000000c0000000, 0x00000000c0100800, 0x0000000100000000)
  region size 1024K, 10 young (10240K), 10 survivors (10240K)
 Metaspace       used 95466K, capacity 104706K, committed 104908K, reserved 1140736K
  class space    used 11201K, capacity 13684K, committed 13772K, reserved 1048576K
}
Event: 803,231 GC heap before
{Heap before GC invocations=24 (full 0):
 garbage-first heap   total 262144K, used 222910K [0x00000000c0000000, 0x00000000c0100800, 0x0000000100000000)
  region size 1024K, 140 young (143360K), 10 survivors (10240K)
 Metaspace       used 96212K, capacity 105474K, committed 105676K, reserved 1140736K
  class space    used 11283K, capacity 13748K, committed 13772K, reserved 1048576K
Event: 803,251 GC heap after
Heap after GC invocations=25 (full 0):
 garbage-first heap   total 262144K, used 91326K [0x00000000c0000000, 0x00000000c0100800, 0x0000000100000000)
  region size 1024K, 11 young (11264K), 11 survivors (11264K)
 Metaspace       used 96212K, capacity 105474K, committed 105676K, reserved 1140736K
  class space    used 11283K, capacity 13748K, committed 13772K, reserved 1048576K
}
Event: 861,628 GC heap before
{Heap before GC invocations=25 (full 0):
 garbage-first heap   total 262144K, used 222398K [0x00000000c0000000, 0x00000000c0100800, 0x0000000100000000)
  region size 1024K, 139 young (142336K), 11 survivors (11264K)
 Metaspace       used 96326K, capacity 105602K, committed 105676K, reserved 1140736K
  class space    used 11289K, capacity 13748K, committed 13772K, reserved 1048576K
Event: 861,649 GC heap after
Heap after GC invocations=26 (full 0):
 garbage-first heap   total 262144K, used 90302K [0x00000000c0000000, 0x00000000c0100800, 0x0000000100000000)
  region size 1024K, 10 young (10240K), 10 survivors (10240K)
 Metaspace       used 96326K, capacity 105602K, committed 105676K, reserved 1140736K
  class space    used 11289K, capacity 13748K, committed 13772K, reserved 1048576K
}
Event: 1064,455 GC heap before
{Heap before GC invocations=26 (full 0):
 garbage-first heap   total 262144K, used 223422K [0x00000000c0000000, 0x00000000c0100800, 0x0000000100000000)
  region size 1024K, 140 young (143360K), 10 survivors (10240K)
 Metaspace       used 96372K, capacity 105666K, committed 105932K, reserved 1140736K
  class space    used 11289K, capacity 13748K, committed 13772K, reserved 1048576K
Event: 1064,478 GC heap after
Heap after GC invocations=27 (full 0):
 garbage-first heap   total 262144K, used 90302K [0x00000000c0000000, 0x00000000c0100800, 0x0000000100000000)
  region size 1024K, 10 young (10240K), 10 survivors (10240K)
 Metaspace       used 96372K, capacity 105666K, committed 105932K, reserved 1140736K
  class space    used 11289K, capacity 13748K, committed 13772K, reserved 1048576K
}

