# JRE version: OpenJDK Runtime Environment (8.0_151-b12) (build 1.8.0_151-8u151-b12-0ubuntu0.17.10.2-b12)
# Java VM: OpenJDK 64-Bit Server VM (25.151-b12 mixed mode linux-amd64 compressed oops)
Heap:
 garbage-first heap   total 269312K, used 163525K [0x00000000c0000000, 0x00000000c0100838, 0x0000000100000000)
  region size 1024K, 74 young (75776K), 7 survivors (7168K)
 Metaspace       used 124864K, capacity 136134K, committed 136356K, reserved 1169408K
  class space    used 13915K, capacity 16995K, committed 17064K, reserved 1048576K
GC Heap History (10 events):
Event: 8841,608 GC heap before
{Heap before GC invocations=212 (full 0):
 garbage-first heap   total 269312K, used 232989K [0x00000000c0000000, 0x00000000c0100838, 0x0000000100000000)
  region size 1024K, 141 young (144384K), 7 survivors (7168K)
 Metaspace       used 124118K, capacity 135260K, committed 135460K, reserved 1167360K
  class space    used 13818K, capacity 16881K, committed 16936K, reserved 1048576K
Event: 8841,623 GC heap after
Heap after GC invocations=213 (full 0):
 garbage-first heap   total 269312K, used 95297K [0x00000000c0000000, 0x00000000c0100838, 0x0000000100000000)
  region size 1024K, 6 young (6144K), 6 survivors (6144K)
 Metaspace       used 124118K, capacity 135260K, committed 135460K, reserved 1167360K
  class space    used 13818K, capacity 16881K, committed 16936K, reserved 1048576K
}
Event: 9042,328 GC heap before
{Heap before GC invocations=213 (full 0):
 garbage-first heap   total 269312K, used 234561K [0x00000000c0000000, 0x00000000c0100838, 0x0000000100000000)
  region size 1024K, 142 young (145408K), 6 survivors (6144K)
 Metaspace       used 124127K, capacity 135324K, committed 135460K, reserved 1167360K
  class space    used 13818K, capacity 16881K, committed 16936K, reserved 1048576K
Event: 9042,345 GC heap after
Heap after GC invocations=214 (full 0):
 garbage-first heap   total 269312K, used 95824K [0x00000000c0000000, 0x00000000c0100838, 0x0000000100000000)
  region size 1024K, 7 young (7168K), 7 survivors (7168K)
 Metaspace       used 124127K, capacity 135324K, committed 135460K, reserved 1167360K
  class space    used 13818K, capacity 16881K, committed 16936K, reserved 1048576K
}
Event: 9110,649 GC heap before
{Heap before GC invocations=214 (full 0):
 garbage-first heap   total 269312K, used 233040K [0x00000000c0000000, 0x00000000c0100838, 0x0000000100000000)
  region size 1024K, 141 young (144384K), 7 survivors (7168K)
 Metaspace       used 124127K, capacity 135324K, committed 135460K, reserved 1167360K
  class space    used 13818K, capacity 16881K, committed 16936K, reserved 1048576K
Event: 9110,662 GC heap after
Heap after GC invocations=215 (full 0):
 garbage-first heap   total 269312K, used 94860K [0x00000000c0000000, 0x00000000c0100838, 0x0000000100000000)
  region size 1024K, 6 young (6144K), 6 survivors (6144K)
 Metaspace       used 124127K, capacity 135324K, committed 135460K, reserved 1167360K
  class space    used 13818K, capacity 16881K, committed 16936K, reserved 1048576K
}
Event: 9294,048 GC heap before
{Heap before GC invocations=215 (full 0):
 garbage-first heap   total 269312K, used 234124K [0x00000000c0000000, 0x00000000c0100838, 0x0000000100000000)
  region size 1024K, 142 young (145408K), 6 survivors (6144K)
 Metaspace       used 124132K, capacity 135324K, committed 135460K, reserved 1167360K
  class space    used 13818K, capacity 16881K, committed 16936K, reserved 1048576K
Event: 9294,064 GC heap after
Heap after GC invocations=216 (full 0):
 garbage-first heap   total 269312K, used 95929K [0x00000000c0000000, 0x00000000c0100838, 0x0000000100000000)
  region size 1024K, 7 young (7168K), 7 survivors (7168K)
 Metaspace       used 124132K, capacity 135324K, committed 135460K, reserved 1167360K
  class space    used 13818K, capacity 16881K, committed 16936K, reserved 1048576K
}
Event: 9326,813 GC heap before
{Heap before GC invocations=216 (full 0):
 garbage-first heap   total 269312K, used 233145K [0x00000000c0000000, 0x00000000c0100838, 0x0000000100000000)
  region size 1024K, 141 young (144384K), 7 survivors (7168K)
 Metaspace       used 124145K, capacity 135324K, committed 135460K, reserved 1167360K
  class space    used 13818K, capacity 16881K, committed 16936K, reserved 1048576K
Event: 9326,829 GC heap after
Heap after GC invocations=217 (full 0):
 garbage-first heap   total 269312K, used 95941K [0x00000000c0000000, 0x00000000c0100838, 0x0000000100000000)
  region size 1024K, 7 young (7168K), 7 survivors (7168K)
 Metaspace       used 124145K, capacity 135324K, committed 135460K, reserved 1167360K
  class space    used 13818K, capacity 16881K, committed 16936K, reserved 1048576K
}

