# JRE version: OpenJDK Runtime Environment (8.0_144-b01) (build 1.8.0_144-8u144-b01-2-b01)
# Java VM: OpenJDK 64-Bit Server VM (25.144-b01 mixed mode linux-amd64 compressed oops)
Heap:
 garbage-first heap   total 262144K, used 115503K [0x00000000c0000000, 0x00000000c0100800, 0x0000000100000000)
  region size 1024K, 63 young (64512K), 11 survivors (11264K)
 Metaspace       used 109970K, capacity 119618K, committed 119916K, reserved 1153024K
  class space    used 12732K, capacity 15463K, committed 15564K, reserved 1048576K
GC Heap History (10 events):
Event: 3112,968 GC heap before
{Heap before GC invocations=46 (full 3):
 garbage-first heap   total 262144K, used 208876K [0x00000000c0000000, 0x00000000c0100800, 0x0000000100000000)
  region size 1024K, 153 young (156672K), 10 survivors (10240K)
 Metaspace       used 107117K, capacity 116428K, committed 116588K, reserved 1150976K
  class space    used 12393K, capacity 15039K, committed 15052K, reserved 1048576K
Event: 3112,987 GC heap after
Heap after GC invocations=47 (full 3):
 garbage-first heap   total 262144K, used 63980K [0x00000000c0000000, 0x00000000c0100800, 0x0000000100000000)
  region size 1024K, 12 young (12288K), 12 survivors (12288K)
 Metaspace       used 107117K, capacity 116428K, committed 116588K, reserved 1150976K
  class space    used 12393K, capacity 15039K, committed 15052K, reserved 1048576K
}
Event: 3151,204 GC heap before
{Heap before GC invocations=47 (full 3):
 garbage-first heap   total 262144K, used 208364K [0x00000000c0000000, 0x00000000c0100800, 0x0000000100000000)
  region size 1024K, 153 young (156672K), 12 survivors (12288K)
 Metaspace       used 109012K, capacity 118702K, committed 119020K, reserved 1153024K
  class space    used 12638K, capacity 15315K, committed 15436K, reserved 1048576K
Event: 3151,229 GC heap after
Heap after GC invocations=48 (full 3):
 garbage-first heap   total 262144K, used 64815K [0x00000000c0000000, 0x00000000c0100800, 0x0000000100000000)
  region size 1024K, 12 young (12288K), 12 survivors (12288K)
 Metaspace       used 109012K, capacity 118702K, committed 119020K, reserved 1153024K
  class space    used 12638K, capacity 15315K, committed 15436K, reserved 1048576K
}
Event: 3184,581 GC heap before
{Heap before GC invocations=48 (full 3):
 garbage-first heap   total 262144K, used 209199K [0x00000000c0000000, 0x00000000c0100800, 0x0000000100000000)
  region size 1024K, 153 young (156672K), 12 survivors (12288K)
 Metaspace       used 109123K, capacity 118766K, committed 119020K, reserved 1153024K
  class space    used 12638K, capacity 15315K, committed 15436K, reserved 1048576K
Event: 3184,604 GC heap after
Heap after GC invocations=49 (full 3):
 garbage-first heap   total 262144K, used 63279K [0x00000000c0000000, 0x00000000c0100800, 0x0000000100000000)
  region size 1024K, 11 young (11264K), 11 survivors (11264K)
 Metaspace       used 109123K, capacity 118766K, committed 119020K, reserved 1153024K
  class space    used 12638K, capacity 15315K, committed 15436K, reserved 1048576K
}
Event: 3204,833 GC heap before
{Heap before GC invocations=49 (full 3):
 garbage-first heap   total 262144K, used 208687K [0x00000000c0000000, 0x00000000c0100800, 0x0000000100000000)
  region size 1024K, 153 young (156672K), 11 survivors (11264K)
 Metaspace       used 109182K, capacity 118830K, committed 119020K, reserved 1153024K
  class space    used 12639K, capacity 15315K, committed 15436K, reserved 1048576K
Event: 3204,854 GC heap after
Heap after GC invocations=50 (full 3):
 garbage-first heap   total 262144K, used 64303K [0x00000000c0000000, 0x00000000c0100800, 0x0000000100000000)
  region size 1024K, 12 young (12288K), 12 survivors (12288K)
 Metaspace       used 109182K, capacity 118830K, committed 119020K, reserved 1153024K
  class space    used 12639K, capacity 15315K, committed 15436K, reserved 1048576K
}
Event: 3224,197 GC heap before
{Heap before GC invocations=50 (full 3):
 garbage-first heap   total 262144K, used 208687K [0x00000000c0000000, 0x00000000c0100800, 0x0000000100000000)
  region size 1024K, 153 young (156672K), 12 survivors (12288K)
 Metaspace       used 109260K, capacity 118894K, committed 119020K, reserved 1153024K
  class space    used 12639K, capacity 15315K, committed 15436K, reserved 1048576K
Event: 3224,219 GC heap after
Heap after GC invocations=51 (full 3):
 garbage-first heap   total 262144K, used 63279K [0x00000000c0000000, 0x00000000c0100800, 0x0000000100000000)
  region size 1024K, 11 young (11264K), 11 survivors (11264K)
 Metaspace       used 109260K, capacity 118894K, committed 119020K, reserved 1153024K
  class space    used 12639K, capacity 15315K, committed 15436K, reserved 1048576K
}

