# JRE version: OpenJDK Runtime Environment (8.0_151-b12) (build 1.8.0_151-8u151-b12-0ubuntu0.17.10.2-b12)
# Java VM: OpenJDK 64-Bit Server VM (25.151-b12 mixed mode linux-amd64 compressed oops)
Heap:
 garbage-first heap   total 264192K, used 166774K [0x00000000c0000000, 0x00000000c0100810, 0x0000000100000000)
  region size 1024K, 86 young (88064K), 6 survivors (6144K)
 Metaspace       used 125755K, capacity 137920K, committed 138072K, reserved 1169408K
  class space    used 14385K, capacity 17740K, committed 17792K, reserved 1048576K
GC Heap History (10 events):
Event: 5680,084 GC heap before
{Heap before GC invocations=126 (full 0):
 garbage-first heap   total 264192K, used 230513K [0x00000000c0000000, 0x00000000c0100810, 0x0000000100000000)
  region size 1024K, 148 young (151552K), 6 survivors (6144K)
 Metaspace       used 124872K, capacity 136892K, committed 137176K, reserved 1169408K
  class space    used 14287K, capacity 17624K, committed 17664K, reserved 1048576K
Event: 5680,097 GC heap after
Heap after GC invocations=127 (full 0):
 garbage-first heap   total 264192K, used 84106K [0x00000000c0000000, 0x00000000c0100810, 0x0000000100000000)
  region size 1024K, 5 young (5120K), 5 survivors (5120K)
 Metaspace       used 124872K, capacity 136892K, committed 137176K, reserved 1169408K
  class space    used 14287K, capacity 17624K, committed 17664K, reserved 1048576K
}
Event: 5708,208 GC heap before
{Heap before GC invocations=127 (full 0):
 garbage-first heap   total 264192K, used 231562K [0x00000000c0000000, 0x00000000c0100810, 0x0000000100000000)
  region size 1024K, 149 young (152576K), 5 survivors (5120K)
 Metaspace       used 124872K, capacity 136892K, committed 137176K, reserved 1169408K
  class space    used 14287K, capacity 17624K, committed 17664K, reserved 1048576K
Event: 5708,223 GC heap after
Heap after GC invocations=128 (full 0):
 garbage-first heap   total 264192K, used 83617K [0x00000000c0000000, 0x00000000c0100810, 0x0000000100000000)
  region size 1024K, 5 young (5120K), 5 survivors (5120K)
 Metaspace       used 124872K, capacity 136892K, committed 137176K, reserved 1169408K
  class space    used 14287K, capacity 17624K, committed 17664K, reserved 1048576K
}
Event: 5739,652 GC heap before
{Heap before GC invocations=128 (full 0):
 garbage-first heap   total 264192K, used 231073K [0x00000000c0000000, 0x00000000c0100810, 0x0000000100000000)
  region size 1024K, 149 young (152576K), 5 survivors (5120K)
 Metaspace       used 124983K, capacity 137024K, committed 137176K, reserved 1169408K
  class space    used 14290K, capacity 17624K, committed 17664K, reserved 1048576K
Event: 5739,665 GC heap after
Heap after GC invocations=129 (full 0):
 garbage-first heap   total 264192K, used 85210K [0x00000000c0000000, 0x00000000c0100810, 0x0000000100000000)
  region size 1024K, 6 young (6144K), 6 survivors (6144K)
 Metaspace       used 124983K, capacity 137024K, committed 137176K, reserved 1169408K
  class space    used 14290K, capacity 17624K, committed 17664K, reserved 1048576K
}
Event: 5764,108 GC heap before
{Heap before GC invocations=129 (full 0):
 garbage-first heap   total 264192K, used 230618K [0x00000000c0000000, 0x00000000c0100810, 0x0000000100000000)
  region size 1024K, 148 young (151552K), 6 survivors (6144K)
 Metaspace       used 125037K, capacity 137088K, committed 137176K, reserved 1169408K
  class space    used 14292K, capacity 17624K, committed 17664K, reserved 1048576K
Event: 5764,120 GC heap after
Heap after GC invocations=130 (full 0):
 garbage-first heap   total 264192K, used 85865K [0x00000000c0000000, 0x00000000c0100810, 0x0000000100000000)
  region size 1024K, 6 young (6144K), 6 survivors (6144K)
 Metaspace       used 125037K, capacity 137088K, committed 137176K, reserved 1169408K
  class space    used 14292K, capacity 17624K, committed 17664K, reserved 1048576K
}
Event: 8441,395 GC heap before
{Heap before GC invocations=130 (full 0):
 garbage-first heap   total 264192K, used 230249K [0x00000000c0000000, 0x00000000c0100810, 0x0000000100000000)
  region size 1024K, 147 young (150528K), 6 survivors (6144K)
 Metaspace       used 125058K, capacity 137092K, committed 137176K, reserved 1169408K
  class space    used 14293K, capacity 17624K, committed 17664K, reserved 1048576K
Event: 8441,409 GC heap after
Heap after GC invocations=131 (full 0):
 garbage-first heap   total 264192K, used 85878K [0x00000000c0000000, 0x00000000c0100810, 0x0000000100000000)
  region size 1024K, 6 young (6144K), 6 survivors (6144K)
 Metaspace       used 125058K, capacity 137092K, committed 137176K, reserved 1169408K
  class space    used 14293K, capacity 17624K, committed 17664K, reserved 1048576K
}

