# JRE version: OpenJDK Runtime Environment (8.0_151-b12) (build 1.8.0_151-8u151-b12-0ubuntu0.17.10.2-b12)
# Java VM: OpenJDK 64-Bit Server VM (25.151-b12 mixed mode linux-amd64 compressed oops)
Heap:
 garbage-first heap   total 264192K, used 186368K [0x00000000c0000000, 0x00000000c0100810, 0x0000000100000000)
  region size 1024K, 107 young (109568K), 6 survivors (6144K)
 Metaspace       used 124177K, capacity 135484K, committed 135852K, reserved 1167360K
  class space    used 14114K, capacity 17266K, committed 17356K, reserved 1048576K
GC Heap History (10 events):
Event: 2073,567 GC heap before
{Heap before GC invocations=86 (full 0):
 garbage-first heap   total 264192K, used 253147K [0x00000000c0000000, 0x00000000c0100810, 0x0000000100000000)
  region size 1024K, 150 young (153600K), 5 survivors (5120K)
 Metaspace       used 122951K, capacity 134028K, committed 134444K, reserved 1167360K
  class space    used 13992K, capacity 17151K, committed 17228K, reserved 1048576K
Event: 2073,579 GC heap after
Heap after GC invocations=87 (full 0):
 garbage-first heap   total 264192K, used 82944K [0x00000000c0000000, 0x00000000c0100810, 0x0000000100000000)
  region size 1024K, 5 young (5120K), 5 survivors (5120K)
 Metaspace       used 122951K, capacity 134028K, committed 134444K, reserved 1167360K
  class space    used 13992K, capacity 17151K, committed 17228K, reserved 1048576K
}
Event: 2099,018 GC heap before
{Heap before GC invocations=87 (full 0):
 garbage-first heap   total 264192K, used 231424K [0x00000000c0000000, 0x00000000c0100810, 0x0000000100000000)
  region size 1024K, 150 young (153600K), 5 survivors (5120K)
 Metaspace       used 122987K, capacity 134156K, committed 134444K, reserved 1167360K
  class space    used 13992K, capacity 17151K, committed 17228K, reserved 1048576K
Event: 2099,027 GC heap after
Heap after GC invocations=88 (full 0):
 garbage-first heap   total 264192K, used 83968K [0x00000000c0000000, 0x00000000c0100810, 0x0000000100000000)
  region size 1024K, 6 young (6144K), 6 survivors (6144K)
 Metaspace       used 122987K, capacity 134156K, committed 134444K, reserved 1167360K
  class space    used 13992K, capacity 17151K, committed 17228K, reserved 1048576K
}
Event: 2146,097 GC heap before
{Heap before GC invocations=88 (full 0):
 garbage-first heap   total 264192K, used 230400K [0x00000000c0000000, 0x00000000c0100810, 0x0000000100000000)
  region size 1024K, 149 young (152576K), 6 survivors (6144K)
 Metaspace       used 123095K, capacity 134284K, committed 134700K, reserved 1167360K
  class space    used 13992K, capacity 17151K, committed 17228K, reserved 1048576K
Event: 2146,110 GC heap after
Heap after GC invocations=89 (full 0):
 garbage-first heap   total 264192K, used 84480K [0x00000000c0000000, 0x00000000c0100810, 0x0000000100000000)
  region size 1024K, 6 young (6144K), 6 survivors (6144K)
 Metaspace       used 123095K, capacity 134284K, committed 134700K, reserved 1167360K
  class space    used 13992K, capacity 17151K, committed 17228K, reserved 1048576K
}
Event: 2174,954 GC heap before
{Heap before GC invocations=89 (full 0):
 garbage-first heap   total 264192K, used 230912K [0x00000000c0000000, 0x00000000c0100810, 0x0000000100000000)
  region size 1024K, 149 young (152576K), 6 survivors (6144K)
 Metaspace       used 123167K, capacity 134348K, committed 134700K, reserved 1167360K
  class space    used 13992K, capacity 17151K, committed 17228K, reserved 1048576K
Event: 2174,966 GC heap after
Heap after GC invocations=90 (full 0):
 garbage-first heap   total 264192K, used 83968K [0x00000000c0000000, 0x00000000c0100810, 0x0000000100000000)
  region size 1024K, 6 young (6144K), 6 survivors (6144K)
 Metaspace       used 123167K, capacity 134348K, committed 134700K, reserved 1167360K
  class space    used 13992K, capacity 17151K, committed 17228K, reserved 1048576K
}
Event: 2206,512 GC heap before
{Heap before GC invocations=90 (full 0):
 garbage-first heap   total 264192K, used 230400K [0x00000000c0000000, 0x00000000c0100810, 0x0000000100000000)
  region size 1024K, 149 young (152576K), 6 survivors (6144K)
 Metaspace       used 123415K, capacity 134610K, committed 134956K, reserved 1167360K
  class space    used 14014K, capacity 17152K, committed 17228K, reserved 1048576K
Event: 2206,523 GC heap after
Heap after GC invocations=91 (full 0):
 garbage-first heap   total 264192K, used 83968K [0x00000000c0000000, 0x00000000c0100810, 0x0000000100000000)
  region size 1024K, 6 young (6144K), 6 survivors (6144K)
 Metaspace       used 123415K, capacity 134610K, committed 134956K, reserved 1167360K
  class space    used 14014K, capacity 17152K, committed 17228K, reserved 1048576K
}

