# JRE version: OpenJDK Runtime Environment (8.0_151-b12) (build 1.8.0_151-8u151-b12-0ubuntu0.17.10.2-b12)
# Java VM: OpenJDK 64-Bit Server VM (25.151-b12 mixed mode linux-amd64 compressed oops)
Heap:
 garbage-first heap   total 293888K, used 245369K [0x00000000c0000000, 0x00000000c01008f8, 0x0000000100000000)
  region size 1024K, 147 young (150528K), 7 survivors (7168K)
 Metaspace       used 124840K, capacity 136180K, committed 136364K, reserved 1169408K
  class space    used 14099K, capacity 17277K, committed 17356K, reserved 1048576K
GC Heap History (10 events):
Event: 8186,888 GC heap before
{Heap before GC invocations=142 (full 0):
 garbage-first heap   total 293888K, used 254978K [0x00000000c0000000, 0x00000000c01008f8, 0x0000000100000000)
  region size 1024K, 156 young (159744K), 7 survivors (7168K)
 Metaspace       used 124001K, capacity 135154K, committed 135468K, reserved 1167360K
  class space    used 13992K, capacity 17159K, committed 17228K, reserved 1048576K
Event: 8186,903 GC heap after
Heap after GC invocations=143 (full 0):
 garbage-first heap   total 293888K, used 101915K [0x00000000c0000000, 0x00000000c01008f8, 0x0000000100000000)
  region size 1024K, 6 young (6144K), 6 survivors (6144K)
 Metaspace       used 124001K, capacity 135154K, committed 135468K, reserved 1167360K
  class space    used 13992K, capacity 17159K, committed 17228K, reserved 1048576K
}
Event: 8232,112 GC heap before
{Heap before GC invocations=143 (full 0):
 garbage-first heap   total 293888K, used 278021K [0x00000000c0000000, 0x00000000c01008f8, 0x0000000100000000)
  region size 1024K, 157 young (160768K), 6 survivors (6144K)
 Metaspace       used 124022K, capacity 135154K, committed 135468K, reserved 1167360K
  class space    used 13992K, capacity 17159K, committed 17228K, reserved 1048576K
Event: 8232,130 GC heap after
Heap after GC invocations=144 (full 0):
 garbage-first heap   total 293888K, used 102455K [0x00000000c0000000, 0x00000000c01008f8, 0x0000000100000000)
  region size 1024K, 7 young (7168K), 7 survivors (7168K)
 Metaspace       used 124022K, capacity 135154K, committed 135468K, reserved 1167360K
  class space    used 13992K, capacity 17159K, committed 17228K, reserved 1048576K
}
Event: 8273,160 GC heap before
{Heap before GC invocations=144 (full 0):
 garbage-first heap   total 293888K, used 255031K [0x00000000c0000000, 0x00000000c01008f8, 0x0000000100000000)
  region size 1024K, 156 young (159744K), 7 survivors (7168K)
 Metaspace       used 124071K, capacity 135218K, committed 135468K, reserved 1167360K
  class space    used 13992K, capacity 17159K, committed 17228K, reserved 1048576K
Event: 8273,175 GC heap after
Heap after GC invocations=145 (full 0):
 garbage-first heap   total 293888K, used 102476K [0x00000000c0000000, 0x00000000c01008f8, 0x0000000100000000)
  region size 1024K, 7 young (7168K), 7 survivors (7168K)
 Metaspace       used 124071K, capacity 135218K, committed 135468K, reserved 1167360K
  class space    used 13992K, capacity 17159K, committed 17228K, reserved 1048576K
}
Event: 8334,837 GC heap before
{Heap before GC invocations=145 (full 0):
 garbage-first heap   total 293888K, used 255052K [0x00000000c0000000, 0x00000000c01008f8, 0x0000000100000000)
  region size 1024K, 156 young (159744K), 7 survivors (7168K)
 Metaspace       used 124071K, capacity 135218K, committed 135468K, reserved 1167360K
  class space    used 13992K, capacity 17159K, committed 17228K, reserved 1048576K
Event: 8334,854 GC heap after
Heap after GC invocations=146 (full 0):
 garbage-first heap   total 293888K, used 102504K [0x00000000c0000000, 0x00000000c01008f8, 0x0000000100000000)
  region size 1024K, 7 young (7168K), 7 survivors (7168K)
 Metaspace       used 124071K, capacity 135218K, committed 135468K, reserved 1167360K
  class space    used 13992K, capacity 17159K, committed 17228K, reserved 1048576K
}
Event: 8378,843 GC heap before
{Heap before GC invocations=146 (full 0):
 garbage-first heap   total 293888K, used 255080K [0x00000000c0000000, 0x00000000c01008f8, 0x0000000100000000)
  region size 1024K, 156 young (159744K), 7 survivors (7168K)
 Metaspace       used 124080K, capacity 135218K, committed 135468K, reserved 1167360K
  class space    used 13992K, capacity 17159K, committed 17228K, reserved 1048576K
Event: 8378,860 GC heap after
Heap after GC invocations=147 (full 0):
 garbage-first heap   total 293888K, used 103033K [0x00000000c0000000, 0x00000000c01008f8, 0x0000000100000000)
  region size 1024K, 7 young (7168K), 7 survivors (7168K)
 Metaspace       used 124080K, capacity 135218K, committed 135468K, reserved 1167360K
  class space    used 13992K, capacity 17159K, committed 17228K, reserved 1048576K
}

