# JRE version: OpenJDK Runtime Environment (8.0_151-b12) (build 1.8.0_151-8u151-b12-0ubuntu0.17.10.2-b12)
# Java VM: OpenJDK 64-Bit Server VM (25.151-b12 mixed mode linux-amd64 compressed oops)
Heap:
 garbage-first heap   total 278528K, used 155884K [0x00000000c0000000, 0x00000000c0100880, 0x0000000100000000)
  region size 1024K, 84 young (86016K), 2 survivors (2048K)
 Metaspace       used 119499K, capacity 130736K, committed 131192K, reserved 1163264K
  class space    used 13963K, capacity 17183K, committed 17280K, reserved 1048576K
GC Heap History (10 events):
Event: 5328,446 GC heap before
{Heap before GC invocations=54 (full 0):
 garbage-first heap   total 278528K, used 237728K [0x00000000c0000000, 0x00000000c0100880, 0x0000000100000000)
  region size 1024K, 112 young (114688K), 11 survivors (11264K)
 Metaspace       used 118873K, capacity 130212K, committed 130552K, reserved 1163264K
  class space    used 13891K, capacity 17084K, committed 17152K, reserved 1048576K
Event: 5328,470 GC heap after
Heap after GC invocations=55 (full 0):
 garbage-first heap   total 278528K, used 134656K [0x00000000c0000000, 0x00000000c0100880, 0x0000000100000000)
  region size 1024K, 9 young (9216K), 9 survivors (9216K)
 Metaspace       used 118873K, capacity 130212K, committed 130552K, reserved 1163264K
  class space    used 13891K, capacity 17084K, committed 17152K, reserved 1048576K
}
Event: 5526,101 GC heap before
{Heap before GC invocations=55 (full 0):
 garbage-first heap   total 278528K, used 239104K [0x00000000c0000000, 0x00000000c0100880, 0x0000000100000000)
  region size 1024K, 111 young (113664K), 9 survivors (9216K)
 Metaspace       used 118885K, capacity 130276K, committed 130552K, reserved 1163264K
  class space    used 13891K, capacity 17084K, committed 17152K, reserved 1048576K
Event: 5526,128 GC heap after
Heap after GC invocations=56 (full 0):
 garbage-first heap   total 278528K, used 134144K [0x00000000c0000000, 0x00000000c0100880, 0x0000000100000000)
  region size 1024K, 8 young (8192K), 8 survivors (8192K)
 Metaspace       used 118885K, capacity 130276K, committed 130552K, reserved 1163264K
  class space    used 13891K, capacity 17084K, committed 17152K, reserved 1048576K
}
Event: 6031,617 GC heap before
{Heap before GC invocations=57 (full 0):
 garbage-first heap   total 278528K, used 224256K [0x00000000c0000000, 0x00000000c0100880, 0x0000000100000000)
  region size 1024K, 112 young (114688K), 8 survivors (8192K)
 Metaspace       used 118754K, capacity 130020K, committed 130552K, reserved 1163264K
  class space    used 13866K, capacity 17036K, committed 17152K, reserved 1048576K
Event: 6031,638 GC heap after
Heap after GC invocations=58 (full 0):
 garbage-first heap   total 278528K, used 116224K [0x00000000c0000000, 0x00000000c0100880, 0x0000000100000000)
  region size 1024K, 7 young (7168K), 7 survivors (7168K)
 Metaspace       used 118754K, capacity 130020K, committed 130552K, reserved 1163264K
  class space    used 13866K, capacity 17036K, committed 17152K, reserved 1048576K
}
Event: 6033,272 GC heap before
{Heap before GC invocations=58 (full 0):
 garbage-first heap   total 278528K, used 122368K [0x00000000c0000000, 0x00000000c0100880, 0x0000000100000000)
  region size 1024K, 13 young (13312K), 7 survivors (7168K)
 Metaspace       used 118754K, capacity 130020K, committed 130552K, reserved 1163264K
  class space    used 13866K, capacity 17036K, committed 17152K, reserved 1048576K
Event: 6033,293 GC heap after
Heap after GC invocations=59 (full 0):
 garbage-first heap   total 278528K, used 88744K [0x00000000c0000000, 0x00000000c0100880, 0x0000000100000000)
  region size 1024K, 2 young (2048K), 2 survivors (2048K)
 Metaspace       used 118754K, capacity 130020K, committed 130552K, reserved 1163264K
  class space    used 13866K, capacity 17036K, committed 17152K, reserved 1048576K
}
Event: 6039,090 GC heap before
{Heap before GC invocations=59 (full 0):
 garbage-first heap   total 278528K, used 100008K [0x00000000c0000000, 0x00000000c0100880, 0x0000000100000000)
  region size 1024K, 13 young (13312K), 2 survivors (2048K)
 Metaspace       used 118754K, capacity 130020K, committed 130552K, reserved 1163264K
  class space    used 13866K, capacity 17036K, committed 17152K, reserved 1048576K
Event: 6039,127 GC heap after
Heap after GC invocations=60 (full 0):
 garbage-first heap   total 278528K, used 72940K [0x00000000c0000000, 0x00000000c0100880, 0x0000000100000000)
  region size 1024K, 2 young (2048K), 2 survivors (2048K)
 Metaspace       used 118754K, capacity 130020K, committed 130552K, reserved 1163264K
  class space    used 13866K, capacity 17036K, committed 17152K, reserved 1048576K
}

