# JRE version: OpenJDK Runtime Environment (8.0_151-b12) (build 1.8.0_151-8u151-b12-0ubuntu0.17.10.2-b12)
# Java VM: OpenJDK 64-Bit Server VM (25.151-b12 mixed mode linux-amd64 compressed oops)
Heap:
 garbage-first heap   total 264192K, used 155285K [0x00000000c0000000, 0x00000000c0100810, 0x0000000100000000)
  region size 1024K, 30 young (30720K), 8 survivors (8192K)
 Metaspace       used 111880K, capacity 122946K, committed 123204K, reserved 1157120K
  class space    used 13096K, capacity 16123K, committed 16204K, reserved 1048576K
GC Heap History (10 events):
Event: 2330,414 GC heap before
{Heap before GC invocations=34 (full 0):
 garbage-first heap   total 264192K, used 226304K [0x00000000c0000000, 0x00000000c0100810, 0x0000000100000000)
  region size 1024K, 99 young (101376K), 7 survivors (7168K)
 Metaspace       used 110424K, capacity 121100K, committed 121540K, reserved 1155072K
  class space    used 12937K, capacity 15967K, committed 16076K, reserved 1048576K
Event: 2330,441 GC heap after
Heap after GC invocations=35 (full 0):
 garbage-first heap   total 264192K, used 138240K [0x00000000c0000000, 0x00000000c0100810, 0x0000000100000000)
  region size 1024K, 13 young (13312K), 13 survivors (13312K)
 Metaspace       used 110424K, capacity 121100K, committed 121540K, reserved 1155072K
  class space    used 12937K, capacity 15967K, committed 16076K, reserved 1048576K
}
Event: 2335,063 GC heap before
{Heap before GC invocations=36 (full 0):
 garbage-first heap   total 264192K, used 237056K [0x00000000c0000000, 0x00000000c0100810, 0x0000000100000000)
  region size 1024K, 94 young (96256K), 13 survivors (13312K)
 Metaspace       used 110749K, capacity 121464K, committed 121796K, reserved 1155072K
  class space    used 12965K, capacity 15977K, committed 16076K, reserved 1048576K
Event: 2335,095 GC heap after
Heap after GC invocations=37 (full 0):
 garbage-first heap   total 264192K, used 137216K [0x00000000c0000000, 0x00000000c0100810, 0x0000000100000000)
  region size 1024K, 12 young (12288K), 12 survivors (12288K)
 Metaspace       used 110749K, capacity 121464K, committed 121796K, reserved 1155072K
  class space    used 12965K, capacity 15977K, committed 16076K, reserved 1048576K
}
Event: 2335,108 GC heap before
{Heap before GC invocations=37 (full 0):
 garbage-first heap   total 264192K, used 138240K [0x00000000c0000000, 0x00000000c0100810, 0x0000000100000000)
  region size 1024K, 13 young (13312K), 12 survivors (12288K)
 Metaspace       used 110750K, capacity 121464K, committed 121796K, reserved 1155072K
  class space    used 12965K, capacity 15977K, committed 16076K, reserved 1048576K
Event: 2335,164 GC heap after
Heap after GC invocations=38 (full 0):
 garbage-first heap   total 264192K, used 128000K [0x00000000c0000000, 0x00000000c0100810, 0x0000000100000000)
  region size 1024K, 2 young (2048K), 2 survivors (2048K)
 Metaspace       used 110750K, capacity 121464K, committed 121796K, reserved 1155072K
  class space    used 12965K, capacity 15977K, committed 16076K, reserved 1048576K
}
Event: 2335,528 GC heap before
{Heap before GC invocations=38 (full 0):
 garbage-first heap   total 264192K, used 138240K [0x00000000c0000000, 0x00000000c0100810, 0x0000000100000000)
  region size 1024K, 12 young (12288K), 2 survivors (2048K)
 Metaspace       used 110775K, capacity 121528K, committed 121796K, reserved 1155072K
  class space    used 12965K, capacity 15977K, committed 16076K, reserved 1048576K
Event: 2335,554 GC heap after
Heap after GC invocations=39 (full 0):
 garbage-first heap   total 264192K, used 128000K [0x00000000c0000000, 0x00000000c0100810, 0x0000000100000000)
  region size 1024K, 2 young (2048K), 2 survivors (2048K)
 Metaspace       used 110775K, capacity 121528K, committed 121796K, reserved 1155072K
  class space    used 12965K, capacity 15977K, committed 16076K, reserved 1048576K
}
Event: 3202,960 GC heap before
{Heap before GC invocations=39 (full 0):
 garbage-first heap   total 264192K, used 227328K [0x00000000c0000000, 0x00000000c0100810, 0x0000000100000000)
  region size 1024K, 99 young (101376K), 2 survivors (2048K)
 Metaspace       used 111421K, capacity 122460K, committed 122820K, reserved 1157120K
  class space    used 13034K, capacity 16049K, committed 16076K, reserved 1048576K
Event: 3202,995 GC heap after
Heap after GC invocations=40 (full 0):
 garbage-first heap   total 264192K, used 133781K [0x00000000c0000000, 0x00000000c0100810, 0x0000000100000000)
  region size 1024K, 8 young (8192K), 8 survivors (8192K)
 Metaspace       used 111421K, capacity 122460K, committed 122820K, reserved 1157120K
  class space    used 13034K, capacity 16049K, committed 16076K, reserved 1048576K
}

