# JRE version: OpenJDK Runtime Environment (8.0_151-b12) (build 1.8.0_151-8u151-b12-0ubuntu0.17.10.2-b12)
# Java VM: OpenJDK 64-Bit Server VM (25.151-b12 mixed mode linux-amd64 compressed oops)
Heap:
 garbage-first heap   total 270336K, used 145511K [0x00000000c0000000, 0x00000000c0100840, 0x0000000100000000)
  region size 1024K, 30 young (30720K), 1 survivors (1024K)
 Metaspace       used 116392K, capacity 128088K, committed 128344K, reserved 1161216K
  class space    used 13291K, capacity 16426K, committed 16512K, reserved 1048576K
GC Heap History (10 events):
Event: 2368,654 GC heap before
{Heap before GC invocations=89 (full 0):
 garbage-first heap   total 270336K, used 237834K [0x00000000c0000000, 0x00000000c0100840, 0x0000000100000000)
  region size 1024K, 120 young (122880K), 2 survivors (2048K)
 Metaspace       used 115429K, capacity 126774K, committed 126936K, reserved 1159168K
  class space    used 13178K, capacity 16315K, committed 16384K, reserved 1048576K
Event: 2368,663 GC heap after
Heap after GC invocations=90 (full 0):
 garbage-first heap   total 270336K, used 117255K [0x00000000c0000000, 0x00000000c0100840, 0x0000000100000000)
  region size 1024K, 2 young (2048K), 2 survivors (2048K)
 Metaspace       used 115429K, capacity 126774K, committed 126936K, reserved 1159168K
  class space    used 13178K, capacity 16315K, committed 16384K, reserved 1048576K
}
Event: 2390,942 GC heap before
{Heap before GC invocations=90 (full 0):
 garbage-first heap   total 270336K, used 186375K [0x00000000c0000000, 0x00000000c0100840, 0x0000000100000000)
  region size 1024K, 69 young (70656K), 2 survivors (2048K)
 Metaspace       used 115442K, capacity 126774K, committed 126936K, reserved 1159168K
  class space    used 13178K, capacity 16315K, committed 16384K, reserved 1048576K
Event: 2390,952 GC heap after
Heap after GC invocations=91 (full 0):
 garbage-first heap   total 270336K, used 118643K [0x00000000c0000000, 0x00000000c0100840, 0x0000000100000000)
  region size 1024K, 2 young (2048K), 2 survivors (2048K)
 Metaspace       used 115442K, capacity 126774K, committed 126936K, reserved 1159168K
  class space    used 13178K, capacity 16315K, committed 16384K, reserved 1048576K
}
Event: 2429,349 GC heap before
{Heap before GC invocations=92 (full 0):
 garbage-first heap   total 270336K, used 258397K [0x00000000c0000000, 0x00000000c0100840, 0x0000000100000000)
  region size 1024K, 119 young (121856K), 2 survivors (2048K)
 Metaspace       used 115529K, capacity 126902K, committed 127192K, reserved 1161216K
  class space    used 13178K, capacity 16315K, committed 16384K, reserved 1048576K
Event: 2429,370 GC heap after
Heap after GC invocations=93 (full 0):
 garbage-first heap   total 270336K, used 120231K [0x00000000c0000000, 0x00000000c0100840, 0x0000000100000000)
  region size 1024K, 5 young (5120K), 5 survivors (5120K)
 Metaspace       used 115529K, capacity 126902K, committed 127192K, reserved 1161216K
  class space    used 13178K, capacity 16315K, committed 16384K, reserved 1048576K
}
Event: 2430,117 GC heap before
{Heap before GC invocations=93 (full 0):
 garbage-first heap   total 270336K, used 128423K [0x00000000c0000000, 0x00000000c0100840, 0x0000000100000000)
  region size 1024K, 13 young (13312K), 5 survivors (5120K)
 Metaspace       used 115529K, capacity 126902K, committed 127192K, reserved 1161216K
  class space    used 13178K, capacity 16315K, committed 16384K, reserved 1048576K
Event: 2430,139 GC heap after
Heap after GC invocations=94 (full 0):
 garbage-first heap   total 270336K, used 117936K [0x00000000c0000000, 0x00000000c0100840, 0x0000000100000000)
  region size 1024K, 2 young (2048K), 2 survivors (2048K)
 Metaspace       used 115529K, capacity 126902K, committed 127192K, reserved 1161216K
  class space    used 13178K, capacity 16315K, committed 16384K, reserved 1048576K
}
Event: 2444,116 GC heap before
{Heap before GC invocations=94 (full 0):
 garbage-first heap   total 270336K, used 238768K [0x00000000c0000000, 0x00000000c0100840, 0x0000000100000000)
  region size 1024K, 120 young (122880K), 2 survivors (2048K)
 Metaspace       used 115770K, capacity 127416K, committed 127704K, reserved 1161216K
  class space    used 13206K, capacity 16354K, committed 16384K, reserved 1048576K
Event: 2444,158 GC heap after
Heap after GC invocations=95 (full 0):
 garbage-first heap   total 270336K, used 116839K [0x00000000c0000000, 0x00000000c0100840, 0x0000000100000000)
  region size 1024K, 1 young (1024K), 1 survivors (1024K)
 Metaspace       used 115770K, capacity 127416K, committed 127704K, reserved 1161216K
  class space    used 13206K, capacity 16354K, committed 16384K, reserved 1048576K
}

