# JRE version: OpenJDK Runtime Environment (8.0_151-b12) (build 1.8.0_151-8u151-b12-0ubuntu0.17.10.2-b12)
# Java VM: OpenJDK 64-Bit Server VM (25.151-b12 mixed mode linux-amd64 compressed oops)
Heap:
 garbage-first heap   total 273408K, used 99129K [0x00000000c0000000, 0x00000000c0100858, 0x0000000100000000)
  region size 1024K, 19 young (19456K), 11 survivors (11264K)
 Metaspace       used 115711K, capacity 126952K, committed 127232K, reserved 1159168K
  class space    used 13447K, capacity 16577K, committed 16640K, reserved 1048576K
GC Heap History (10 events):
Event: 1305,029 GC heap before
{Heap before GC invocations=47 (full 0):
 garbage-first heap   total 273408K, used 232624K [0x00000000c0000000, 0x00000000c0100858, 0x0000000100000000)
  region size 1024K, 153 young (156672K), 11 survivors (11264K)
 Metaspace       used 112546K, capacity 123418K, committed 123648K, reserved 1157120K
  class space    used 13069K, capacity 16053K, committed 16128K, reserved 1048576K
Event: 1305,054 GC heap after
Heap after GC invocations=48 (full 0):
 garbage-first heap   total 273408K, used 92876K [0x00000000c0000000, 0x00000000c0100858, 0x0000000100000000)
  region size 1024K, 16 young (16384K), 16 survivors (16384K)
 Metaspace       used 112546K, capacity 123418K, committed 123648K, reserved 1157120K
  class space    used 13069K, capacity 16053K, committed 16128K, reserved 1048576K
}
Event: 1328,955 GC heap before
{Heap before GC invocations=48 (full 0):
 garbage-first heap   total 273408K, used 228044K [0x00000000c0000000, 0x00000000c0100858, 0x0000000100000000)
  region size 1024K, 148 young (151552K), 16 survivors (16384K)
 Metaspace       used 112696K, capacity 123500K, committed 123648K, reserved 1157120K
  class space    used 13071K, capacity 16056K, committed 16128K, reserved 1048576K
Event: 1328,982 GC heap after
Heap after GC invocations=49 (full 0):
 garbage-first heap   total 273408K, used 89401K [0x00000000c0000000, 0x00000000c0100858, 0x0000000100000000)
  region size 1024K, 8 young (8192K), 8 survivors (8192K)
 Metaspace       used 112696K, capacity 123500K, committed 123648K, reserved 1157120K
  class space    used 13071K, capacity 16056K, committed 16128K, reserved 1048576K
}
Event: 1340,707 GC heap before
{Heap before GC invocations=49 (full 0):
 garbage-first heap   total 273408K, used 235833K [0x00000000c0000000, 0x00000000c0100858, 0x0000000100000000)
  region size 1024K, 151 young (154624K), 8 survivors (8192K)
 Metaspace       used 114516K, capacity 125530K, committed 125696K, reserved 1159168K
  class space    used 13312K, capacity 16367K, committed 16384K, reserved 1048576K
Event: 1340,733 GC heap after
Heap after GC invocations=50 (full 0):
 garbage-first heap   total 273408K, used 93497K [0x00000000c0000000, 0x00000000c0100858, 0x0000000100000000)
  region size 1024K, 12 young (12288K), 12 survivors (12288K)
 Metaspace       used 114516K, capacity 125530K, committed 125696K, reserved 1159168K
  class space    used 13312K, capacity 16367K, committed 16384K, reserved 1048576K
}
Event: 1364,362 GC heap before
{Heap before GC invocations=50 (full 0):
 garbage-first heap   total 273408K, used 231737K [0x00000000c0000000, 0x00000000c0100858, 0x0000000100000000)
  region size 1024K, 147 young (150528K), 12 survivors (12288K)
 Metaspace       used 114522K, capacity 125530K, committed 125696K, reserved 1159168K
  class space    used 13312K, capacity 16367K, committed 16384K, reserved 1048576K
Event: 1364,383 GC heap after
Heap after GC invocations=51 (full 0):
 garbage-first heap   total 273408K, used 91961K [0x00000000c0000000, 0x00000000c0100858, 0x0000000100000000)
  region size 1024K, 11 young (11264K), 11 survivors (11264K)
 Metaspace       used 114522K, capacity 125530K, committed 125696K, reserved 1159168K
  class space    used 13312K, capacity 16367K, committed 16384K, reserved 1048576K
}
Event: 1472,473 GC heap before
{Heap before GC invocations=51 (full 0):
 garbage-first heap   total 273408K, used 232249K [0x00000000c0000000, 0x00000000c0100858, 0x0000000100000000)
  region size 1024K, 148 young (151552K), 11 survivors (11264K)
 Metaspace       used 115612K, capacity 126856K, committed 126976K, reserved 1159168K
  class space    used 13438K, capacity 16545K, committed 16640K, reserved 1048576K
Event: 1472,493 GC heap after
Heap after GC invocations=52 (full 0):
 garbage-first heap   total 273408K, used 91961K [0x00000000c0000000, 0x00000000c0100858, 0x0000000100000000)
  region size 1024K, 11 young (11264K), 11 survivors (11264K)
 Metaspace       used 115612K, capacity 126856K, committed 126976K, reserved 1159168K
  class space    used 13438K, capacity 16545K, committed 16640K, reserved 1048576K
}

