# JRE version: OpenJDK Runtime Environment (8.0_151-b12) (build 1.8.0_151-8u151-b12-0ubuntu0.17.10.2-b12)
# Java VM: OpenJDK 64-Bit Server VM (25.151-b12 mixed mode linux-amd64 compressed oops)
Heap:
 garbage-first heap   total 268288K, used 158156K [0x00000000c0000000, 0x00000000c0100830, 0x0000000100000000)
  region size 1024K, 29 young (29696K), 2 survivors (2048K)
 Metaspace       used 127242K, capacity 139110K, committed 139224K, reserved 1171456K
  class space    used 14416K, capacity 17662K, committed 17664K, reserved 1048576K
GC Heap History (10 events):
Event: 3280,506 GC heap before
{Heap before GC invocations=178 (full 0):
 garbage-first heap   total 268288K, used 142930K [0x00000000c0000000, 0x00000000c0100830, 0x0000000100000000)
  region size 1024K, 13 young (13312K), 5 survivors (5120K)
 Metaspace       used 126474K, capacity 138186K, committed 138456K, reserved 1169408K
  class space    used 14317K, capacity 17578K, committed 17664K, reserved 1048576K
Event: 3280,529 GC heap after
Heap after GC invocations=179 (full 0):
 garbage-first heap   total 268288K, used 131765K [0x00000000c0000000, 0x00000000c0100830, 0x0000000100000000)
  region size 1024K, 2 young (2048K), 2 survivors (2048K)
 Metaspace       used 126474K, capacity 138186K, committed 138456K, reserved 1169408K
  class space    used 14317K, capacity 17578K, committed 17664K, reserved 1048576K
}
Event: 3292,954 GC heap before
{Heap before GC invocations=179 (full 0):
 garbage-first heap   total 268288K, used 237237K [0x00000000c0000000, 0x00000000c0100830, 0x0000000100000000)
  region size 1024K, 105 young (107520K), 2 survivors (2048K)
 Metaspace       used 126477K, capacity 138186K, committed 138456K, reserved 1169408K
  class space    used 14317K, capacity 17578K, committed 17664K, reserved 1048576K
Event: 3292,974 GC heap after
Heap after GC invocations=180 (full 0):
 garbage-first heap   total 268288K, used 131630K [0x00000000c0000000, 0x00000000c0100830, 0x0000000100000000)
  region size 1024K, 2 young (2048K), 2 survivors (2048K)
 Metaspace       used 126477K, capacity 138186K, committed 138456K, reserved 1169408K
  class space    used 14317K, capacity 17578K, committed 17664K, reserved 1048576K
}
Event: 3306,585 GC heap before
{Heap before GC invocations=180 (full 0):
 garbage-first heap   total 268288K, used 237102K [0x00000000c0000000, 0x00000000c0100830, 0x0000000100000000)
  region size 1024K, 105 young (107520K), 2 survivors (2048K)
 Metaspace       used 126477K, capacity 138186K, committed 138456K, reserved 1169408K
  class space    used 14317K, capacity 17578K, committed 17664K, reserved 1048576K
Event: 3306,597 GC heap after
Heap after GC invocations=181 (full 0):
 garbage-first heap   total 268288K, used 131058K [0x00000000c0000000, 0x00000000c0100830, 0x0000000100000000)
  region size 1024K, 2 young (2048K), 2 survivors (2048K)
 Metaspace       used 126477K, capacity 138186K, committed 138456K, reserved 1169408K
  class space    used 14317K, capacity 17578K, committed 17664K, reserved 1048576K
}
Event: 3314,255 GC heap before
{Heap before GC invocations=182 (full 0):
 garbage-first heap   total 268288K, used 236530K [0x00000000c0000000, 0x00000000c0100830, 0x0000000100000000)
  region size 1024K, 105 young (107520K), 2 survivors (2048K)
 Metaspace       used 126598K, capacity 138288K, committed 138456K, reserved 1169408K
  class space    used 14328K, capacity 17585K, committed 17664K, reserved 1048576K
Event: 3314,281 GC heap after
Heap after GC invocations=183 (full 0):
 garbage-first heap   total 268288K, used 132440K [0x00000000c0000000, 0x00000000c0100830, 0x0000000100000000)
  region size 1024K, 3 young (3072K), 3 survivors (3072K)
 Metaspace       used 126598K, capacity 138288K, committed 138456K, reserved 1169408K
  class space    used 14328K, capacity 17585K, committed 17664K, reserved 1048576K
}
Event: 3314,567 GC heap before
{Heap before GC invocations=183 (full 0):
 garbage-first heap   total 268288K, used 142680K [0x00000000c0000000, 0x00000000c0100830, 0x0000000100000000)
  region size 1024K, 13 young (13312K), 3 survivors (3072K)
 Metaspace       used 126693K, capacity 138432K, committed 138712K, reserved 1171456K
  class space    used 14341K, capacity 17589K, committed 17664K, reserved 1048576K
Event: 3314,593 GC heap after
Heap after GC invocations=184 (full 0):
 garbage-first heap   total 268288K, used 131532K [0x00000000c0000000, 0x00000000c0100830, 0x0000000100000000)
  region size 1024K, 2 young (2048K), 2 survivors (2048K)
 Metaspace       used 126693K, capacity 138432K, committed 138712K, reserved 1171456K
  class space    used 14341K, capacity 17589K, committed 17664K, reserved 1048576K
}

