# JRE version: OpenJDK Runtime Environment (8.0_151-b12) (build 1.8.0_151-8u151-b12-0ubuntu0.17.10.2-b12)
# Java VM: OpenJDK 64-Bit Server VM (25.151-b12 mixed mode linux-amd64 compressed oops)
Heap:
 garbage-first heap   total 282624K, used 167577K [0x00000000c0000000, 0x00000000c01008a0, 0x0000000100000000)
  region size 1024K, 80 young (81920K), 4 survivors (4096K)
 Metaspace       used 132168K, capacity 143976K, committed 144128K, reserved 1175552K
  class space    used 14881K, capacity 18175K, committed 18176K, reserved 1048576K
GC Heap History (10 events):
Event: 13206,922 GC heap before
{Heap before GC invocations=203 (full 0):
 garbage-first heap   total 282624K, used 247844K [0x00000000c0000000, 0x00000000c01008a0, 0x0000000100000000)
  region size 1024K, 158 young (161792K), 4 survivors (4096K)
 Metaspace       used 131425K, capacity 143138K, committed 143232K, reserved 1175552K
  class space    used 14782K, capacity 18028K, committed 18048K, reserved 1048576K
Event: 13206,934 GC heap after
Heap after GC invocations=204 (full 0):
 garbage-first heap   total 282624K, used 92292K [0x00000000c0000000, 0x00000000c01008a0, 0x0000000100000000)
  region size 1024K, 6 young (6144K), 6 survivors (6144K)
 Metaspace       used 131425K, capacity 143138K, committed 143232K, reserved 1175552K
  class space    used 14782K, capacity 18028K, committed 18048K, reserved 1048576K
}
Event: 13295,681 GC heap before
{Heap before GC invocations=204 (full 0):
 garbage-first heap   total 282624K, used 246404K [0x00000000c0000000, 0x00000000c01008a0, 0x0000000100000000)
  region size 1024K, 156 young (159744K), 6 survivors (6144K)
 Metaspace       used 131436K, capacity 143138K, committed 143232K, reserved 1175552K
  class space    used 14782K, capacity 18028K, committed 18048K, reserved 1048576K
Event: 13295,691 GC heap after
Heap after GC invocations=205 (full 0):
 garbage-first heap   total 282624K, used 89241K [0x00000000c0000000, 0x00000000c01008a0, 0x0000000100000000)
  region size 1024K, 3 young (3072K), 3 survivors (3072K)
 Metaspace       used 131436K, capacity 143138K, committed 143232K, reserved 1175552K
  class space    used 14782K, capacity 18028K, committed 18048K, reserved 1048576K
}
Event: 13324,006 GC heap before
{Heap before GC invocations=205 (full 0):
 garbage-first heap   total 282624K, used 248473K [0x00000000c0000000, 0x00000000c01008a0, 0x0000000100000000)
  region size 1024K, 158 young (161792K), 3 survivors (3072K)
 Metaspace       used 131456K, capacity 143202K, committed 143232K, reserved 1175552K
  class space    used 14782K, capacity 18028K, committed 18048K, reserved 1048576K
Event: 13324,019 GC heap after
Heap after GC invocations=206 (full 0):
 garbage-first heap   total 282624K, used 91526K [0x00000000c0000000, 0x00000000c01008a0, 0x0000000100000000)
  region size 1024K, 5 young (5120K), 5 survivors (5120K)
 Metaspace       used 131456K, capacity 143202K, committed 143232K, reserved 1175552K
  class space    used 14782K, capacity 18028K, committed 18048K, reserved 1048576K
}
Event: 13347,802 GC heap before
{Heap before GC invocations=206 (full 0):
 garbage-first heap   total 282624K, used 247174K [0x00000000c0000000, 0x00000000c01008a0, 0x0000000100000000)
  region size 1024K, 157 young (160768K), 5 survivors (5120K)
 Metaspace       used 131474K, capacity 143202K, committed 143232K, reserved 1175552K
  class space    used 14782K, capacity 18028K, committed 18048K, reserved 1048576K
Event: 13347,815 GC heap after
Heap after GC invocations=207 (full 0):
 garbage-first heap   total 282624K, used 91289K [0x00000000c0000000, 0x00000000c01008a0, 0x0000000100000000)
  region size 1024K, 5 young (5120K), 5 survivors (5120K)
 Metaspace       used 131474K, capacity 143202K, committed 143232K, reserved 1175552K
  class space    used 14782K, capacity 18028K, committed 18048K, reserved 1048576K
}
Event: 13398,417 GC heap before
{Heap before GC invocations=207 (full 0):
 garbage-first heap   total 282624K, used 246937K [0x00000000c0000000, 0x00000000c01008a0, 0x0000000100000000)
  region size 1024K, 157 young (160768K), 5 survivors (5120K)
 Metaspace       used 131482K, capacity 143202K, committed 143232K, reserved 1175552K
  class space    used 14783K, capacity 18028K, committed 18048K, reserved 1048576K
Event: 13398,429 GC heap after
Heap after GC invocations=208 (full 0):
 garbage-first heap   total 282624K, used 90777K [0x00000000c0000000, 0x00000000c01008a0, 0x0000000100000000)
  region size 1024K, 4 young (4096K), 4 survivors (4096K)
 Metaspace       used 131482K, capacity 143202K, committed 143232K, reserved 1175552K
  class space    used 14783K, capacity 18028K, committed 18048K, reserved 1048576K
}

