# JRE version: OpenJDK Runtime Environment (8.0_151-b12) (build 1.8.0_151-8u151-b12-0ubuntu0.17.10.2-b12)
# Java VM: OpenJDK 64-Bit Server VM (25.151-b12 mixed mode linux-amd64 compressed oops)
Heap:
 garbage-first heap   total 289792K, used 122381K [0x00000000c0000000, 0x00000000c01008d8, 0x0000000100000000)
  region size 1024K, 40 young (40960K), 6 survivors (6144K)
 Metaspace       used 121022K, capacity 132638K, committed 132844K, reserved 1165312K
  class space    used 13965K, capacity 17111K, committed 17132K, reserved 1048576K
GC Heap History (10 events):
Event: 4178,250 GC heap before
{Heap before GC invocations=113 (full 0):
 garbage-first heap   total 289792K, used 253952K [0x00000000c0000000, 0x00000000c01008d8, 0x0000000100000000)
  region size 1024K, 168 young (172032K), 5 survivors (5120K)
 Metaspace       used 120051K, capacity 131534K, committed 131820K, reserved 1163264K
  class space    used 13854K, capacity 17029K, committed 17132K, reserved 1048576K
Event: 4178,264 GC heap after
Heap after GC invocations=114 (full 0):
 garbage-first heap   total 289792K, used 87554K [0x00000000c0000000, 0x00000000c01008d8, 0x0000000100000000)
  region size 1024K, 5 young (5120K), 5 survivors (5120K)
 Metaspace       used 120051K, capacity 131534K, committed 131820K, reserved 1163264K
  class space    used 13854K, capacity 17029K, committed 17132K, reserved 1048576K
}
Event: 4199,593 GC heap before
{Heap before GC invocations=114 (full 0):
 garbage-first heap   total 289792K, used 253442K [0x00000000c0000000, 0x00000000c01008d8, 0x0000000100000000)
  region size 1024K, 167 young (171008K), 5 survivors (5120K)
 Metaspace       used 120060K, capacity 131534K, committed 131820K, reserved 1163264K
  class space    used 13854K, capacity 17029K, committed 17132K, reserved 1048576K
Event: 4199,609 GC heap after
Heap after GC invocations=115 (full 0):
 garbage-first heap   total 289792K, used 88510K [0x00000000c0000000, 0x00000000c01008d8, 0x0000000100000000)
  region size 1024K, 6 young (6144K), 6 survivors (6144K)
 Metaspace       used 120060K, capacity 131534K, committed 131820K, reserved 1163264K
  class space    used 13854K, capacity 17029K, committed 17132K, reserved 1048576K
}
Event: 4218,365 GC heap before
{Heap before GC invocations=115 (full 0):
 garbage-first heap   total 289792K, used 252350K [0x00000000c0000000, 0x00000000c01008d8, 0x0000000100000000)
  region size 1024K, 166 young (169984K), 6 survivors (6144K)
 Metaspace       used 120068K, capacity 131534K, committed 131820K, reserved 1163264K
  class space    used 13854K, capacity 17029K, committed 17132K, reserved 1048576K
Event: 4218,380 GC heap after
Heap after GC invocations=116 (full 0):
 garbage-first heap   total 289792K, used 89082K [0x00000000c0000000, 0x00000000c01008d8, 0x0000000100000000)
  region size 1024K, 6 young (6144K), 6 survivors (6144K)
 Metaspace       used 120068K, capacity 131534K, committed 131820K, reserved 1163264K
  class space    used 13854K, capacity 17029K, committed 17132K, reserved 1048576K
}
Event: 4237,335 GC heap before
{Heap before GC invocations=116 (full 0):
 garbage-first heap   total 289792K, used 252922K [0x00000000c0000000, 0x00000000c01008d8, 0x0000000100000000)
  region size 1024K, 166 young (169984K), 6 survivors (6144K)
 Metaspace       used 120110K, capacity 131598K, committed 132076K, reserved 1165312K
  class space    used 13854K, capacity 17029K, committed 17132K, reserved 1048576K
Event: 4237,351 GC heap after
Heap after GC invocations=117 (full 0):
 garbage-first heap   total 289792K, used 88585K [0x00000000c0000000, 0x00000000c01008d8, 0x0000000100000000)
  region size 1024K, 6 young (6144K), 6 survivors (6144K)
 Metaspace       used 120110K, capacity 131598K, committed 132076K, reserved 1165312K
  class space    used 13854K, capacity 17029K, committed 17132K, reserved 1048576K
}
Event: 4270,926 GC heap before
{Heap before GC invocations=117 (full 0):
 garbage-first heap   total 289792K, used 252425K [0x00000000c0000000, 0x00000000c01008d8, 0x0000000100000000)
  region size 1024K, 166 young (169984K), 6 survivors (6144K)
 Metaspace       used 120281K, capacity 131604K, committed 132076K, reserved 1165312K
  class space    used 13867K, capacity 17030K, committed 17132K, reserved 1048576K
Event: 4270,945 GC heap after
Heap after GC invocations=118 (full 0):
 garbage-first heap   total 289792K, used 88589K [0x00000000c0000000, 0x00000000c01008d8, 0x0000000100000000)
  region size 1024K, 6 young (6144K), 6 survivors (6144K)
 Metaspace       used 120281K, capacity 131604K, committed 132076K, reserved 1165312K
  class space    used 13867K, capacity 17030K, committed 17132K, reserved 1048576K
}

