# JRE version: OpenJDK Runtime Environment (8.0_151-b12) (build 1.8.0_151-8u151-b12-0ubuntu0.17.10.2-b12)
# Java VM: OpenJDK 64-Bit Server VM (25.151-b12 mixed mode linux-amd64 compressed oops)
Heap:
 garbage-first heap   total 279552K, used 166912K [0x00000000c0000000, 0x00000000c0100888, 0x0000000100000000)
  region size 1024K, 83 young (84992K), 10 survivors (10240K)
 Metaspace       used 128185K, capacity 140156K, committed 140248K, reserved 1171456K
  class space    used 14343K, capacity 17628K, committed 17664K, reserved 1048576K
GC Heap History (10 events):
Event: 11620,078 GC heap before
{Heap before GC invocations=346 (full 0):
 garbage-first heap   total 279552K, used 244736K [0x00000000c0000000, 0x00000000c0100888, 0x0000000100000000)
  region size 1024K, 158 young (161792K), 5 survivors (5120K)
 Metaspace       used 127318K, capacity 138944K, committed 139224K, reserved 1171456K
  class space    used 14234K, capacity 17538K, committed 17664K, reserved 1048576K
Event: 11620,092 GC heap after
Heap after GC invocations=347 (full 0):
 garbage-first heap   total 279552K, used 89088K [0x00000000c0000000, 0x00000000c0100888, 0x0000000100000000)
  region size 1024K, 6 young (6144K), 6 survivors (6144K)
 Metaspace       used 127318K, capacity 138944K, committed 139224K, reserved 1171456K
  class space    used 14234K, capacity 17538K, committed 17664K, reserved 1048576K
}
Event: 11639,803 GC heap before
{Heap before GC invocations=347 (full 0):
 garbage-first heap   total 279552K, used 243712K [0x00000000c0000000, 0x00000000c0100888, 0x0000000100000000)
  region size 1024K, 157 young (160768K), 6 survivors (6144K)
 Metaspace       used 127322K, capacity 138944K, committed 139224K, reserved 1171456K
  class space    used 14234K, capacity 17538K, committed 17664K, reserved 1048576K
Event: 11639,826 GC heap after
Heap after GC invocations=348 (full 0):
 garbage-first heap   total 279552K, used 91648K [0x00000000c0000000, 0x00000000c0100888, 0x0000000100000000)
  region size 1024K, 8 young (8192K), 8 survivors (8192K)
 Metaspace       used 127322K, capacity 138944K, committed 139224K, reserved 1171456K
  class space    used 14234K, capacity 17538K, committed 17664K, reserved 1048576K
}
Event: 11669,866 GC heap before
{Heap before GC invocations=348 (full 0):
 garbage-first heap   total 279552K, used 242176K [0x00000000c0000000, 0x00000000c0100888, 0x0000000100000000)
  region size 1024K, 155 young (158720K), 8 survivors (8192K)
 Metaspace       used 127339K, capacity 138944K, committed 139224K, reserved 1171456K
  class space    used 14234K, capacity 17538K, committed 17664K, reserved 1048576K
Event: 11669,892 GC heap after
Heap after GC invocations=349 (full 0):
 garbage-first heap   total 279552K, used 91648K [0x00000000c0000000, 0x00000000c0100888, 0x0000000100000000)
  region size 1024K, 8 young (8192K), 8 survivors (8192K)
 Metaspace       used 127339K, capacity 138944K, committed 139224K, reserved 1171456K
  class space    used 14234K, capacity 17538K, committed 17664K, reserved 1048576K
}
Event: 11688,197 GC heap before
{Heap before GC invocations=349 (full 0):
 garbage-first heap   total 279552K, used 242176K [0x00000000c0000000, 0x00000000c0100888, 0x0000000100000000)
  region size 1024K, 155 young (158720K), 8 survivors (8192K)
 Metaspace       used 127420K, capacity 139072K, committed 139480K, reserved 1171456K
  class space    used 14240K, capacity 17538K, committed 17664K, reserved 1048576K
Event: 11688,215 GC heap after
Heap after GC invocations=350 (full 0):
 garbage-first heap   total 279552K, used 92160K [0x00000000c0000000, 0x00000000c0100888, 0x0000000100000000)
  region size 1024K, 9 young (9216K), 9 survivors (9216K)
 Metaspace       used 127420K, capacity 139072K, committed 139480K, reserved 1171456K
  class space    used 14240K, capacity 17538K, committed 17664K, reserved 1048576K
}
Event: 12313,495 GC heap before
{Heap before GC invocations=350 (full 0):
 garbage-first heap   total 279552K, used 240640K [0x00000000c0000000, 0x00000000c0100888, 0x0000000100000000)
  region size 1024K, 154 young (157696K), 9 survivors (9216K)
 Metaspace       used 127434K, capacity 139136K, committed 139480K, reserved 1171456K
  class space    used 14240K, capacity 17538K, committed 17664K, reserved 1048576K
Event: 12313,511 GC heap after
Heap after GC invocations=351 (full 0):
 garbage-first heap   total 279552K, used 93184K [0x00000000c0000000, 0x00000000c0100888, 0x0000000100000000)
  region size 1024K, 10 young (10240K), 10 survivors (10240K)
 Metaspace       used 127434K, capacity 139136K, committed 139480K, reserved 1171456K
  class space    used 14240K, capacity 17538K, committed 17664K, reserved 1048576K
}

